Build started 2/20/2010 1:29:39 AM.
     1>Project "\\bh-srv-2\share\race_technology\converters\cvstorun\cvstorun.vcxproj" on node 55 (build target(s)).
     1>_PrepareForBuild:
         Creating "Debug\csvtorun.unsuccessfulbuild" because "AlwaysCreate" was specified.
       ClCompile:
         All outputs are up-to-date.
       ManifestResourceCompile:
         All outputs are up-to-date.
       Link:
         D:\vs10\VC\bin\link.exe /ERRORREPORT:PROMPT /OUT:"\\bh-srv-2\share\race_technology\converters\Debug\csvtorun.exe" /INCREMENTAL /NOLOGO kernel32.lib user32.lib gdi32.lib winspool.lib comdlg32.lib advapi32.lib shell32.lib ole32.lib oleaut32.lib uuid.lib odbc32.lib odbccp32.lib /MANIFEST /ManifestFile:"Debug\csvtorun.exe.intermediate.manifest" /MANIFESTUAC:"level='asInvoker' uiAccess='false'" /DEBUG /PDB:"\\bh-srv-2\share\race_technology\converters\Debug\csvtorun.pdb" /SUBSYSTEM:CONSOLE /TLBID:1 /DYNAMICBASE /NXCOMPAT /IMPLIB:"\\bh-srv-2\share\race_technology\converters\Debug\csvtorun.lib" /MACHINE:X86 Debug\csvtorun.obj
         "\\bh-srv-2\share\race_technology\converters\Debug\common.lib"
         Debug\csvtorun.exe.embed.manifest.res
       Manifest:
         D:\Program Files\Microsoft SDKs\Windows\v7.0A\bin\mt.exe /nologo /verbose /out:"Debug\csvtorun.exe.embed.manifest" /manifest Debug\csvtorun.exe.intermediate.manifest
         D:\Program Files\Microsoft SDKs\Windows\v7.0A\bin\rc.exe /nologo /fo"Debug\csvtorun.exe.embed.manifest.res" Debug\csvtorun_manifest.rc 
       LinkEmbedManifest:
         D:\vs10\VC\bin\link.exe /ERRORREPORT:PROMPT /OUT:"\\bh-srv-2\share\race_technology\converters\Debug\csvtorun.exe" /INCREMENTAL /NOLOGO kernel32.lib user32.lib gdi32.lib winspool.lib comdlg32.lib advapi32.lib shell32.lib ole32.lib oleaut32.lib uuid.lib odbc32.lib odbccp32.lib /MANIFEST /ManifestFile:"Debug\csvtorun.exe.intermediate.manifest" /MANIFESTUAC:"level='asInvoker' uiAccess='false'" /DEBUG /PDB:"\\bh-srv-2\share\race_technology\converters\Debug\csvtorun.pdb" /SUBSYSTEM:CONSOLE /TLBID:1 /DYNAMICBASE /NXCOMPAT /IMPLIB:"\\bh-srv-2\share\race_technology\converters\Debug\csvtorun.lib" /MACHINE:X86 Debug\csvtorun.obj
         "\\bh-srv-2\share\race_technology\converters\Debug\common.lib"
         Debug\csvtorun.exe.embed.manifest.res
         cvstorun.vcxproj -> \\bh-srv-2\share\race_technology\converters\Debug\csvtorun.exe
       _AfterBuild:
         Deleting file "Debug\csvtorun.unsuccessfulbuild".
         Touching "Debug\csvtorun.lastbuildstate".
     1>Done Building Project "\\bh-srv-2\share\race_technology\converters\cvstorun\cvstorun.vcxproj" (build target(s)).

Build succeeded.

Time Elapsed 00:00:03.86
